{"/home/patrick/codefellows/401/Labs/lab-19/models/user.js":{"path":"/home/patrick/codefellows/401/Labs/lab-19/models/user.js","s":{"1":1,"2":1,"3":1,"4":1,"5":1,"6":1,"7":1,"8":1,"9":1,"10":8,"11":8,"12":8,"13":0,"14":8,"15":8,"16":1,"17":1,"18":1,"19":1,"20":0,"21":1,"22":0,"23":1,"24":1,"25":8,"26":8,"27":8,"28":8,"29":8,"30":8,"31":8,"32":0,"33":0,"34":0,"35":0,"36":0,"37":0,"38":8,"39":1,"40":8,"41":8,"42":8,"43":8,"44":0,"45":0,"46":1},"b":{"1":[0,8],"2":[0,1],"3":[0,1],"4":[0,0],"5":[0,0]},"f":{"1":8,"2":1,"3":8,"4":8},"fnMap":{"1":{"name":"(anonymous_1)","line":19,"loc":{"start":{"line":19,"column":42},"end":{"line":19,"column":61}}},"2":{"name":"(anonymous_2)","line":29,"loc":{"start":{"line":29,"column":41},"end":{"line":29,"column":60}}},"3":{"name":"(anonymous_3)","line":41,"loc":{"start":{"line":41,"column":38},"end":{"line":41,"column":49}}},"4":{"name":"(anonymous_4)","line":62,"loc":{"start":{"line":62,"column":35},"end":{"line":62,"column":46}}}},"statementMap":{"1":{"start":{"line":3,"column":0},"end":{"line":3,"column":33}},"2":{"start":{"line":4,"column":0},"end":{"line":4,"column":33}},"3":{"start":{"line":5,"column":0},"end":{"line":5,"column":36}},"4":{"start":{"line":6,"column":0},"end":{"line":6,"column":36}},"5":{"start":{"line":7,"column":0},"end":{"line":7,"column":37}},"6":{"start":{"line":8,"column":0},"end":{"line":8,"column":43}},"7":{"start":{"line":10,"column":0},"end":{"line":10,"column":31}},"8":{"start":{"line":12,"column":0},"end":{"line":17,"column":3}},"9":{"start":{"line":19,"column":0},"end":{"line":27,"column":2}},"10":{"start":{"line":20,"column":2},"end":{"line":26,"column":5}},"11":{"start":{"line":21,"column":4},"end":{"line":25,"column":7}},"12":{"start":{"line":22,"column":6},"end":{"line":22,"column":73}},"13":{"start":{"line":22,"column":14},"end":{"line":22,"column":73}},"14":{"start":{"line":23,"column":6},"end":{"line":23,"column":27}},"15":{"start":{"line":24,"column":6},"end":{"line":24,"column":20}},"16":{"start":{"line":29,"column":0},"end":{"line":39,"column":2}},"17":{"start":{"line":31,"column":2},"end":{"line":38,"column":5}},"18":{"start":{"line":32,"column":4},"end":{"line":37,"column":7}},"19":{"start":{"line":33,"column":6},"end":{"line":33,"column":76}},"20":{"start":{"line":33,"column":14},"end":{"line":33,"column":76}},"21":{"start":{"line":34,"column":6},"end":{"line":34,"column":67}},"22":{"start":{"line":34,"column":17},"end":{"line":34,"column":67}},"23":{"start":{"line":36,"column":6},"end":{"line":36,"column":20}},"24":{"start":{"line":41,"column":0},"end":{"line":60,"column":2}},"25":{"start":{"line":43,"column":2},"end":{"line":59,"column":5}},"26":{"start":{"line":44,"column":4},"end":{"line":44,"column":18}},"27":{"start":{"line":45,"column":4},"end":{"line":56,"column":6}},"28":{"start":{"line":46,"column":6},"end":{"line":46,"column":61}},"29":{"start":{"line":47,"column":6},"end":{"line":47,"column":32}},"30":{"start":{"line":48,"column":6},"end":{"line":55,"column":9}},"31":{"start":{"line":49,"column":18},"end":{"line":49,"column":40}},"32":{"start":{"line":51,"column":8},"end":{"line":51,"column":26}},"33":{"start":{"line":51,"column":16},"end":{"line":51,"column":26}},"34":{"start":{"line":52,"column":8},"end":{"line":52,"column":82}},"35":{"start":{"line":52,"column":22},"end":{"line":52,"column":82}},"36":{"start":{"line":53,"column":8},"end":{"line":53,"column":16}},"37":{"start":{"line":54,"column":8},"end":{"line":54,"column":28}},"38":{"start":{"line":58,"column":4},"end":{"line":58,"column":24}},"39":{"start":{"line":62,"column":0},"end":{"line":72,"column":2}},"40":{"start":{"line":63,"column":2},"end":{"line":71,"column":5}},"41":{"start":{"line":64,"column":4},"end":{"line":64,"column":40}},"42":{"start":{"line":65,"column":4},"end":{"line":70,"column":7}},"43":{"start":{"line":66,"column":22},"end":{"line":66,"column":82}},"44":{"start":{"line":68,"column":6},"end":{"line":68,"column":23}},"45":{"start":{"line":69,"column":6},"end":{"line":69,"column":56}},"46":{"start":{"line":74,"column":0},"end":{"line":74,"column":52}}},"branchMap":{"1":{"line":22,"type":"if","locations":[{"start":{"line":22,"column":6},"end":{"line":22,"column":6}},{"start":{"line":22,"column":6},"end":{"line":22,"column":6}}]},"2":{"line":33,"type":"if","locations":[{"start":{"line":33,"column":6},"end":{"line":33,"column":6}},{"start":{"line":33,"column":6},"end":{"line":33,"column":6}}]},"3":{"line":34,"type":"if","locations":[{"start":{"line":34,"column":6},"end":{"line":34,"column":6}},{"start":{"line":34,"column":6},"end":{"line":34,"column":6}}]},"4":{"line":51,"type":"if","locations":[{"start":{"line":51,"column":8},"end":{"line":51,"column":8}},{"start":{"line":51,"column":8},"end":{"line":51,"column":8}}]},"5":{"line":52,"type":"if","locations":[{"start":{"line":52,"column":8},"end":{"line":52,"column":8}},{"start":{"line":52,"column":8},"end":{"line":52,"column":8}}]}}},"/home/patrick/codefellows/401/Labs/lab-19/models/gallery.js":{"path":"/home/patrick/codefellows/401/Labs/lab-19/models/gallery.js","s":{"1":1,"2":1,"3":1,"4":1},"b":{},"f":{},"fnMap":{},"statementMap":{"1":{"start":{"line":3,"column":0},"end":{"line":3,"column":37}},"2":{"start":{"line":4,"column":0},"end":{"line":4,"column":30}},"3":{"start":{"line":6,"column":0},"end":{"line":11,"column":3}},"4":{"start":{"line":13,"column":0},"end":{"line":13,"column":58}}},"branchMap":{}},"/home/patrick/codefellows/401/Labs/lab-19/server.js":{"path":"/home/patrick/codefellows/401/Labs/lab-19/server.js","s":{"1":1,"2":1,"3":1,"4":1,"5":1,"6":1,"7":1,"8":1,"9":1,"10":1,"11":1,"12":1,"13":1,"14":1,"15":1,"16":1,"17":1,"18":1,"19":1,"20":1,"21":1,"22":1,"23":1,"24":1},"b":{"1":[1,0],"2":[1,0]},"f":{},"fnMap":{},"statementMap":{"1":{"start":{"line":3,"column":0},"end":{"line":3,"column":25}},"2":{"start":{"line":5,"column":0},"end":{"line":5,"column":35}},"3":{"start":{"line":6,"column":0},"end":{"line":6,"column":29}},"4":{"start":{"line":7,"column":0},"end":{"line":7,"column":36}},"5":{"start":{"line":8,"column":0},"end":{"line":8,"column":55}},"6":{"start":{"line":9,"column":0},"end":{"line":9,"column":49}},"7":{"start":{"line":10,"column":0},"end":{"line":10,"column":37}},"8":{"start":{"line":12,"column":0},"end":{"line":12,"column":39}},"9":{"start":{"line":13,"column":0},"end":{"line":13,"column":32}},"10":{"start":{"line":14,"column":0},"end":{"line":14,"column":59}},"11":{"start":{"line":15,"column":0},"end":{"line":15,"column":65}},"12":{"start":{"line":16,"column":0},"end":{"line":16,"column":57}},"13":{"start":{"line":18,"column":0},"end":{"line":18,"column":38}},"14":{"start":{"line":19,"column":0},"end":{"line":19,"column":80}},"15":{"start":{"line":21,"column":0},"end":{"line":21,"column":27}},"16":{"start":{"line":22,"column":0},"end":{"line":22,"column":30}},"17":{"start":{"line":24,"column":0},"end":{"line":24,"column":16}},"18":{"start":{"line":25,"column":0},"end":{"line":25,"column":22}},"19":{"start":{"line":26,"column":0},"end":{"line":26,"column":20}},"20":{"start":{"line":28,"column":0},"end":{"line":28,"column":28}},"21":{"start":{"line":29,"column":0},"end":{"line":29,"column":31}},"22":{"start":{"line":30,"column":0},"end":{"line":30,"column":27}},"23":{"start":{"line":32,"column":0},"end":{"line":32,"column":60}},"24":{"start":{"line":32,"column":23},"end":{"line":32,"column":58}}},"branchMap":{"1":{"line":18,"type":"binary-expr","locations":[{"start":{"line":18,"column":13},"end":{"line":18,"column":29}},{"start":{"line":18,"column":33},"end":{"line":18,"column":37}}]},"2":{"line":19,"type":"binary-expr","locations":[{"start":{"line":19,"column":20},"end":{"line":19,"column":43}},{"start":{"line":19,"column":47},"end":{"line":19,"column":79}}]}}},"/home/patrick/codefellows/401/Labs/lab-19/lib/error-middleware.js":{"path":"/home/patrick/codefellows/401/Labs/lab-19/lib/error-middleware.js","s":{"1":1,"2":1,"3":1,"4":0,"5":0,"6":0,"7":0,"8":0,"9":0,"10":0,"11":0,"12":0,"13":0,"14":0,"15":0,"16":0,"17":0,"18":0},"b":{"1":[0,0],"2":[0,0]},"f":{"1":0},"fnMap":{"1":{"name":"(anonymous_1)","line":6,"loc":{"start":{"line":6,"column":17},"end":{"line":6,"column":47}}}},"statementMap":{"1":{"start":{"line":3,"column":0},"end":{"line":3,"column":58}},"2":{"start":{"line":4,"column":0},"end":{"line":4,"column":43}},"3":{"start":{"line":6,"column":0},"end":{"line":28,"column":2}},"4":{"start":{"line":7,"column":2},"end":{"line":7,"column":29}},"5":{"start":{"line":9,"column":2},"end":{"line":9,"column":38}},"6":{"start":{"line":10,"column":2},"end":{"line":10,"column":32}},"7":{"start":{"line":12,"column":2},"end":{"line":16,"column":3}},"8":{"start":{"line":13,"column":4},"end":{"line":13,"column":42}},"9":{"start":{"line":14,"column":4},"end":{"line":14,"column":11}},"10":{"start":{"line":15,"column":4},"end":{"line":15,"column":11}},"11":{"start":{"line":18,"column":2},"end":{"line":23,"column":3}},"12":{"start":{"line":19,"column":4},"end":{"line":19,"column":40}},"13":{"start":{"line":20,"column":4},"end":{"line":20,"column":42}},"14":{"start":{"line":21,"column":4},"end":{"line":21,"column":11}},"15":{"start":{"line":22,"column":4},"end":{"line":22,"column":11}},"16":{"start":{"line":25,"column":2},"end":{"line":25,"column":38}},"17":{"start":{"line":26,"column":2},"end":{"line":26,"column":40}},"18":{"start":{"line":27,"column":2},"end":{"line":27,"column":9}}},"branchMap":{"1":{"line":12,"type":"if","locations":[{"start":{"line":12,"column":2},"end":{"line":12,"column":2}},{"start":{"line":12,"column":2},"end":{"line":12,"column":2}}]},"2":{"line":18,"type":"if","locations":[{"start":{"line":18,"column":2},"end":{"line":18,"column":2}},{"start":{"line":18,"column":2},"end":{"line":18,"column":2}}]}}},"/home/patrick/codefellows/401/Labs/lab-19/routes/user-routes.js":{"path":"/home/patrick/codefellows/401/Labs/lab-19/routes/user-routes.js","s":{"1":1,"2":1,"3":1,"4":1,"5":1,"6":1,"7":0,"8":1,"9":1,"10":1,"11":0,"12":1},"b":{},"f":{"1":1},"fnMap":{"1":{"name":"(anonymous_1)","line":7,"loc":{"start":{"line":7,"column":17},"end":{"line":7,"column":34}}}},"statementMap":{"1":{"start":{"line":4,"column":0},"end":{"line":4,"column":58}},"2":{"start":{"line":5,"column":0},"end":{"line":5,"column":64}},"3":{"start":{"line":7,"column":0},"end":{"line":21,"column":2}},"4":{"start":{"line":8,"column":2},"end":{"line":13,"column":5}},"5":{"start":{"line":9,"column":4},"end":{"line":11,"column":53}},"6":{"start":{"line":10,"column":19},"end":{"line":10,"column":34}},"7":{"start":{"line":11,"column":19},"end":{"line":11,"column":51}},"8":{"start":{"line":15,"column":2},"end":{"line":19,"column":5}},"9":{"start":{"line":16,"column":4},"end":{"line":18,"column":53}},"10":{"start":{"line":17,"column":19},"end":{"line":17,"column":34}},"11":{"start":{"line":18,"column":19},"end":{"line":18,"column":51}},"12":{"start":{"line":20,"column":2},"end":{"line":20,"column":16}}},"branchMap":{}},"/home/patrick/codefellows/401/Labs/lab-19/lib/basic-auth-middleware.js":{"path":"/home/patrick/codefellows/401/Labs/lab-19/lib/basic-auth-middleware.js","s":{"1":1,"2":1,"3":1,"4":2,"5":2,"6":2,"7":0,"8":2,"9":2,"10":0,"11":2,"12":2,"13":2,"14":0,"15":2,"16":1,"17":1},"b":{"1":[0,2],"2":[0,2],"3":[0,2],"4":[1,1]},"f":{"1":2},"fnMap":{"1":{"name":"(anonymous_1)","line":6,"loc":{"start":{"line":6,"column":17},"end":{"line":6,"column":42}}}},"statementMap":{"1":{"start":{"line":3,"column":0},"end":{"line":3,"column":63}},"2":{"start":{"line":4,"column":0},"end":{"line":4,"column":43}},"3":{"start":{"line":6,"column":0},"end":{"line":22,"column":2}},"4":{"start":{"line":7,"column":2},"end":{"line":7,"column":34}},"5":{"start":{"line":9,"column":2},"end":{"line":9,"column":46}},"6":{"start":{"line":10,"column":2},"end":{"line":10,"column":83}},"7":{"start":{"line":10,"column":19},"end":{"line":10,"column":83}},"8":{"start":{"line":12,"column":2},"end":{"line":12,"column":49}},"9":{"start":{"line":13,"column":2},"end":{"line":13,"column":81}},"10":{"start":{"line":13,"column":17},"end":{"line":13,"column":81}},"11":{"start":{"line":15,"column":2},"end":{"line":15,"column":83}},"12":{"start":{"line":16,"column":2},"end":{"line":16,"column":34}},"13":{"start":{"line":18,"column":2},"end":{"line":18,"column":76}},"14":{"start":{"line":18,"column":25},"end":{"line":18,"column":76}},"15":{"start":{"line":19,"column":2},"end":{"line":19,"column":76}},"16":{"start":{"line":19,"column":25},"end":{"line":19,"column":76}},"17":{"start":{"line":21,"column":2},"end":{"line":21,"column":9}}},"branchMap":{"1":{"line":10,"type":"if","locations":[{"start":{"line":10,"column":2},"end":{"line":10,"column":2}},{"start":{"line":10,"column":2},"end":{"line":10,"column":2}}]},"2":{"line":13,"type":"if","locations":[{"start":{"line":13,"column":2},"end":{"line":13,"column":2}},{"start":{"line":13,"column":2},"end":{"line":13,"column":2}}]},"3":{"line":18,"type":"if","locations":[{"start":{"line":18,"column":2},"end":{"line":18,"column":2}},{"start":{"line":18,"column":2},"end":{"line":18,"column":2}}]},"4":{"line":19,"type":"if","locations":[{"start":{"line":19,"column":2},"end":{"line":19,"column":2}},{"start":{"line":19,"column":2},"end":{"line":19,"column":2}}]}}},"/home/patrick/codefellows/401/Labs/lab-19/controller/user-controller.js":{"path":"/home/patrick/codefellows/401/Labs/lab-19/controller/user-controller.js","s":{"1":1,"2":1,"3":1,"4":1,"5":1,"6":1,"7":1,"8":1,"9":1,"10":1,"11":1,"12":1,"13":1,"14":1,"15":1,"16":1,"17":0},"b":{},"f":{"1":1,"2":1},"fnMap":{"1":{"name":"(anonymous_1)","line":8,"loc":{"start":{"line":8,"column":21},"end":{"line":8,"column":34}}},"2":{"name":"(anonymous_2)","line":24,"loc":{"start":{"line":24,"column":20},"end":{"line":24,"column":38}}}},"statementMap":{"1":{"start":{"line":4,"column":0},"end":{"line":4,"column":39}},"2":{"start":{"line":6,"column":0},"end":{"line":6,"column":29}},"3":{"start":{"line":8,"column":0},"end":{"line":22,"column":2}},"4":{"start":{"line":10,"column":2},"end":{"line":10,"column":26}},"5":{"start":{"line":11,"column":2},"end":{"line":11,"column":35}},"6":{"start":{"line":12,"column":2},"end":{"line":12,"column":27}},"7":{"start":{"line":13,"column":2},"end":{"line":13,"column":27}},"8":{"start":{"line":15,"column":2},"end":{"line":15,"column":35}},"9":{"start":{"line":17,"column":2},"end":{"line":21,"column":5}},"10":{"start":{"line":18,"column":16},"end":{"line":18,"column":27}},"11":{"start":{"line":20,"column":4},"end":{"line":20,"column":32}},"12":{"start":{"line":24,"column":0},"end":{"line":32,"column":2}},"13":{"start":{"line":26,"column":2},"end":{"line":30,"column":63}},"14":{"start":{"line":27,"column":16},"end":{"line":27,"column":59}},"15":{"start":{"line":28,"column":16},"end":{"line":28,"column":36}},"16":{"start":{"line":29,"column":17},"end":{"line":29,"column":22}},"17":{"start":{"line":30,"column":16},"end":{"line":30,"column":61}}},"branchMap":{}},"/home/patrick/codefellows/401/Labs/lab-19/routes/gallery-routes.js":{"path":"/home/patrick/codefellows/401/Labs/lab-19/routes/gallery-routes.js","s":{"1":1,"2":1,"3":1,"4":1,"5":1,"6":1,"7":1,"8":0,"9":1,"10":1,"11":1,"12":0,"13":1,"14":0,"15":1,"16":1,"17":1,"18":0,"19":1,"20":1,"21":1},"b":{"1":[0,1]},"f":{"1":1},"fnMap":{"1":{"name":"(anonymous_1)","line":7,"loc":{"start":{"line":7,"column":17},"end":{"line":7,"column":33}}}},"statementMap":{"1":{"start":{"line":3,"column":0},"end":{"line":3,"column":43}},"2":{"start":{"line":4,"column":0},"end":{"line":4,"column":60}},"3":{"start":{"line":5,"column":0},"end":{"line":5,"column":64}},"4":{"start":{"line":7,"column":0},"end":{"line":38,"column":2}},"5":{"start":{"line":8,"column":2},"end":{"line":13,"column":5}},"6":{"start":{"line":10,"column":4},"end":{"line":12,"column":60}},"7":{"start":{"line":11,"column":21},"end":{"line":11,"column":38}},"8":{"start":{"line":12,"column":18},"end":{"line":12,"column":58}},"9":{"start":{"line":15,"column":2},"end":{"line":24,"column":5}},"10":{"start":{"line":16,"column":4},"end":{"line":23,"column":59}},"11":{"start":{"line":18,"column":7},"end":{"line":20,"column":8}},"12":{"start":{"line":19,"column":9},"end":{"line":19,"column":49}},"13":{"start":{"line":21,"column":7},"end":{"line":21,"column":25}},"14":{"start":{"line":23,"column":17},"end":{"line":23,"column":57}},"15":{"start":{"line":26,"column":2},"end":{"line":30,"column":5}},"16":{"start":{"line":27,"column":4},"end":{"line":29,"column":60}},"17":{"start":{"line":28,"column":21},"end":{"line":28,"column":38}},"18":{"start":{"line":29,"column":18},"end":{"line":29,"column":58}},"19":{"start":{"line":32,"column":2},"end":{"line":35,"column":5}},"20":{"start":{"line":33,"column":4},"end":{"line":33,"column":52}},"21":{"start":{"line":37,"column":2},"end":{"line":37,"column":16}}},"branchMap":{"1":{"line":18,"type":"if","locations":[{"start":{"line":18,"column":7},"end":{"line":18,"column":7}},{"start":{"line":18,"column":7},"end":{"line":18,"column":7}}]}}},"/home/patrick/codefellows/401/Labs/lab-19/lib/bearer-auth-middleware.js":{"path":"/home/patrick/codefellows/401/Labs/lab-19/lib/bearer-auth-middleware.js","s":{"1":1,"2":1,"3":1,"4":1,"5":1,"6":10,"7":10,"8":10,"9":5,"10":5,"11":5,"12":0,"13":5,"14":5,"15":0,"16":5,"17":5,"18":5,"19":0},"b":{"1":[5,5],"2":[0,5],"3":[0,5]},"f":{"1":10},"fnMap":{"1":{"name":"(anonymous_1)","line":9,"loc":{"start":{"line":9,"column":17},"end":{"line":9,"column":42}}}},"statementMap":{"1":{"start":{"line":3,"column":0},"end":{"line":3,"column":36}},"2":{"start":{"line":4,"column":0},"end":{"line":4,"column":43}},"3":{"start":{"line":5,"column":0},"end":{"line":5,"column":63}},"4":{"start":{"line":7,"column":0},"end":{"line":7,"column":39}},"5":{"start":{"line":9,"column":0},"end":{"line":28,"column":2}},"6":{"start":{"line":10,"column":2},"end":{"line":10,"column":34}},"7":{"start":{"line":12,"column":2},"end":{"line":12,"column":46}},"8":{"start":{"line":13,"column":2},"end":{"line":13,"column":83}},"9":{"start":{"line":13,"column":19},"end":{"line":13,"column":83}},"10":{"start":{"line":15,"column":2},"end":{"line":15,"column":46}},"11":{"start":{"line":16,"column":2},"end":{"line":16,"column":61}},"12":{"start":{"line":16,"column":13},"end":{"line":16,"column":61}},"13":{"start":{"line":18,"column":2},"end":{"line":27,"column":5}},"14":{"start":{"line":19,"column":4},"end":{"line":19,"column":29}},"15":{"start":{"line":19,"column":12},"end":{"line":19,"column":29}},"16":{"start":{"line":21,"column":4},"end":{"line":26,"column":55}},"17":{"start":{"line":23,"column":6},"end":{"line":23,"column":25}},"18":{"start":{"line":24,"column":6},"end":{"line":24,"column":13}},"19":{"start":{"line":26,"column":18},"end":{"line":26,"column":53}}},"branchMap":{"1":{"line":13,"type":"if","locations":[{"start":{"line":13,"column":2},"end":{"line":13,"column":2}},{"start":{"line":13,"column":2},"end":{"line":13,"column":2}}]},"2":{"line":16,"type":"if","locations":[{"start":{"line":16,"column":2},"end":{"line":16,"column":2}},{"start":{"line":16,"column":2},"end":{"line":16,"column":2}}]},"3":{"line":19,"type":"if","locations":[{"start":{"line":19,"column":4},"end":{"line":19,"column":4}},{"start":{"line":19,"column":4},"end":{"line":19,"column":4}}]}}},"/home/patrick/codefellows/401/Labs/lab-19/controller/gallery-controller.js":{"path":"/home/patrick/codefellows/401/Labs/lab-19/controller/gallery-controller.js","s":{"1":1,"2":1,"3":1,"4":1,"5":1,"6":1,"7":0,"8":1,"9":1,"10":1,"11":0,"12":1,"13":1,"14":1,"15":0,"16":1,"17":1,"18":1,"19":0},"b":{},"f":{"1":1,"2":1,"3":1,"4":1},"fnMap":{"1":{"name":"(anonymous_1)","line":7,"loc":{"start":{"line":7,"column":21},"end":{"line":7,"column":41}}},"2":{"name":"(anonymous_2)","line":15,"loc":{"start":{"line":15,"column":20},"end":{"line":15,"column":37}}},"3":{"name":"(anonymous_3)","line":21,"loc":{"start":{"line":21,"column":21},"end":{"line":21,"column":43}}},"4":{"name":"(anonymous_4)","line":27,"loc":{"start":{"line":27,"column":21},"end":{"line":27,"column":43}}}},"statementMap":{"1":{"start":{"line":3,"column":0},"end":{"line":3,"column":45}},"2":{"start":{"line":5,"column":0},"end":{"line":5,"column":29}},"3":{"start":{"line":7,"column":0},"end":{"line":13,"column":2}},"4":{"start":{"line":8,"column":2},"end":{"line":8,"column":25}},"5":{"start":{"line":9,"column":2},"end":{"line":11,"column":59}},"6":{"start":{"line":10,"column":19},"end":{"line":10,"column":26}},"7":{"start":{"line":11,"column":16},"end":{"line":11,"column":57}},"8":{"start":{"line":15,"column":0},"end":{"line":19,"column":2}},"9":{"start":{"line":16,"column":2},"end":{"line":18,"column":58}},"10":{"start":{"line":17,"column":19},"end":{"line":17,"column":26}},"11":{"start":{"line":18,"column":16},"end":{"line":18,"column":56}},"12":{"start":{"line":21,"column":0},"end":{"line":25,"column":2}},"13":{"start":{"line":22,"column":2},"end":{"line":24,"column":58}},"14":{"start":{"line":23,"column":19},"end":{"line":23,"column":26}},"15":{"start":{"line":24,"column":16},"end":{"line":24,"column":56}},"16":{"start":{"line":27,"column":0},"end":{"line":31,"column":2}},"17":{"start":{"line":28,"column":2},"end":{"line":30,"column":58}},"18":{"start":{"line":29,"column":14},"end":{"line":29,"column":36}},"19":{"start":{"line":30,"column":16},"end":{"line":30,"column":56}}},"branchMap":{}},"/home/patrick/codefellows/401/Labs/lab-19/routes/pic-routes.js":{"path":"/home/patrick/codefellows/401/Labs/lab-19/routes/pic-routes.js","s":{"1":1,"2":1,"3":1,"4":1,"5":1,"6":1,"7":1,"8":1,"9":1,"10":0,"11":1,"12":0,"13":0,"14":0,"15":1},"b":{},"f":{"1":1},"fnMap":{"1":{"name":"(anonymous_1)","line":12,"loc":{"start":{"line":12,"column":17},"end":{"line":12,"column":33}}}},"statementMap":{"1":{"start":{"line":3,"column":0},"end":{"line":3,"column":33}},"2":{"start":{"line":4,"column":0},"end":{"line":4,"column":39}},"3":{"start":{"line":5,"column":0},"end":{"line":5,"column":39}},"4":{"start":{"line":8,"column":0},"end":{"line":8,"column":60}},"5":{"start":{"line":9,"column":0},"end":{"line":9,"column":56}},"6":{"start":{"line":12,"column":0},"end":{"line":26,"column":2}},"7":{"start":{"line":14,"column":2},"end":{"line":18,"column":5}},"8":{"start":{"line":15,"column":4},"end":{"line":17,"column":36}},"9":{"start":{"line":16,"column":15},"end":{"line":16,"column":28}},"10":{"start":{"line":17,"column":16},"end":{"line":17,"column":34}},"11":{"start":{"line":20,"column":2},"end":{"line":24,"column":5}},"12":{"start":{"line":21,"column":4},"end":{"line":23,"column":60}},"13":{"start":{"line":22,"column":17},"end":{"line":22,"column":50}},"14":{"start":{"line":23,"column":18},"end":{"line":23,"column":58}},"15":{"start":{"line":25,"column":2},"end":{"line":25,"column":16}}},"branchMap":{}},"/home/patrick/codefellows/401/Labs/lab-19/controller/pic-controller.js":{"path":"/home/patrick/codefellows/401/Labs/lab-19/controller/pic-controller.js","s":{"1":1,"2":1,"3":1,"4":1,"5":1,"6":1,"7":1,"8":1,"9":1,"10":1,"11":1,"12":1,"13":1,"14":0,"15":1,"16":1,"17":1,"18":0,"19":0,"20":0,"21":0,"22":0,"23":1,"24":1,"25":0,"26":1,"27":0,"28":1,"29":1,"30":1,"31":1,"32":1,"33":1,"34":1,"35":1,"36":0,"37":1,"38":0,"39":0,"40":0,"41":0,"42":0,"43":0},"b":{"1":[0,1],"2":[0,0],"3":[0,1],"4":[0,1]},"f":{"1":1,"2":0,"3":1,"4":0},"fnMap":{"1":{"name":"s3UploadProm","line":15,"loc":{"start":{"line":15,"column":0},"end":{"line":15,"column":30}}},"2":{"name":"s3DeleteProm","line":24,"loc":{"start":{"line":24,"column":0},"end":{"line":24,"column":30}}},"3":{"name":"(anonymous_3)","line":32,"loc":{"start":{"line":32,"column":21},"end":{"line":32,"column":35}}},"4":{"name":"(anonymous_4)","line":62,"loc":{"start":{"line":62,"column":21},"end":{"line":62,"column":48}}}},"statementMap":{"1":{"start":{"line":2,"column":0},"end":{"line":2,"column":25}},"2":{"start":{"line":3,"column":0},"end":{"line":3,"column":27}},"3":{"start":{"line":4,"column":0},"end":{"line":4,"column":29}},"4":{"start":{"line":5,"column":0},"end":{"line":5,"column":31}},"5":{"start":{"line":6,"column":0},"end":{"line":6,"column":39}},"6":{"start":{"line":7,"column":0},"end":{"line":7,"column":43}},"7":{"start":{"line":9,"column":0},"end":{"line":9,"column":37}},"8":{"start":{"line":10,"column":0},"end":{"line":10,"column":45}},"9":{"start":{"line":12,"column":0},"end":{"line":12,"column":54}},"10":{"start":{"line":13,"column":0},"end":{"line":13,"column":24}},"11":{"start":{"line":15,"column":0},"end":{"line":22,"column":1}},"12":{"start":{"line":16,"column":2},"end":{"line":21,"column":5}},"13":{"start":{"line":17,"column":4},"end":{"line":17,"column":60}},"14":{"start":{"line":17,"column":16},"end":{"line":17,"column":60}},"15":{"start":{"line":18,"column":4},"end":{"line":20,"column":7}},"16":{"start":{"line":19,"column":6},"end":{"line":19,"column":20}},"17":{"start":{"line":24,"column":0},"end":{"line":31,"column":1}},"18":{"start":{"line":25,"column":2},"end":{"line":30,"column":5}},"19":{"start":{"line":26,"column":4},"end":{"line":29,"column":7}},"20":{"start":{"line":27,"column":6},"end":{"line":27,"column":26}},"21":{"start":{"line":27,"column":14},"end":{"line":27,"column":26}},"22":{"start":{"line":28,"column":6},"end":{"line":28,"column":20}},"23":{"start":{"line":32,"column":0},"end":{"line":60,"column":2}},"24":{"start":{"line":33,"column":2},"end":{"line":33,"column":61}},"25":{"start":{"line":33,"column":16},"end":{"line":33,"column":61}},"26":{"start":{"line":34,"column":2},"end":{"line":34,"column":63}},"27":{"start":{"line":34,"column":21},"end":{"line":34,"column":63}},"28":{"start":{"line":36,"column":2},"end":{"line":36,"column":48}},"29":{"start":{"line":37,"column":2},"end":{"line":42,"column":4}},"30":{"start":{"line":44,"column":2},"end":{"line":59,"column":37}},"31":{"start":{"line":45,"column":14},"end":{"line":45,"column":34}},"32":{"start":{"line":47,"column":4},"end":{"line":47,"column":26}},"33":{"start":{"line":48,"column":4},"end":{"line":55,"column":6}},"34":{"start":{"line":56,"column":4},"end":{"line":56,"column":35}},"35":{"start":{"line":58,"column":15},"end":{"line":58,"column":18}},"36":{"start":{"line":59,"column":16},"end":{"line":59,"column":35}},"37":{"start":{"line":62,"column":0},"end":{"line":74,"column":2}},"38":{"start":{"line":63,"column":2},"end":{"line":73,"column":63}},"39":{"start":{"line":65,"column":4},"end":{"line":68,"column":6}},"40":{"start":{"line":69,"column":4},"end":{"line":69,"column":18}},"41":{"start":{"line":71,"column":18},"end":{"line":71,"column":38}},"42":{"start":{"line":72,"column":14},"end":{"line":72,"column":42}},"43":{"start":{"line":73,"column":16},"end":{"line":73,"column":61}}},"branchMap":{"1":{"line":17,"type":"if","locations":[{"start":{"line":17,"column":4},"end":{"line":17,"column":4}},{"start":{"line":17,"column":4},"end":{"line":17,"column":4}}]},"2":{"line":27,"type":"if","locations":[{"start":{"line":27,"column":6},"end":{"line":27,"column":6}},{"start":{"line":27,"column":6},"end":{"line":27,"column":6}}]},"3":{"line":33,"type":"if","locations":[{"start":{"line":33,"column":2},"end":{"line":33,"column":2}},{"start":{"line":33,"column":2},"end":{"line":33,"column":2}}]},"4":{"line":34,"type":"if","locations":[{"start":{"line":34,"column":2},"end":{"line":34,"column":2}},{"start":{"line":34,"column":2},"end":{"line":34,"column":2}}]}}},"/home/patrick/codefellows/401/Labs/lab-19/models/pic.js":{"path":"/home/patrick/codefellows/401/Labs/lab-19/models/pic.js","s":{"1":1,"2":1,"3":1,"4":1},"b":{},"f":{},"fnMap":{},"statementMap":{"1":{"start":{"line":3,"column":0},"end":{"line":3,"column":37}},"2":{"start":{"line":4,"column":0},"end":{"line":4,"column":31}},"3":{"start":{"line":6,"column":0},"end":{"line":14,"column":3}},"4":{"start":{"line":16,"column":0},"end":{"line":16,"column":50}}},"branchMap":{}}}