TN:
SF:/home/patrick/codefellows/401/Labs/lab-19/models/user.js
FN:19,(anonymous_1)
FN:29,(anonymous_2)
FN:41,(anonymous_3)
FN:62,(anonymous_4)
FNF:4
FNH:4
FNDA:8,(anonymous_1)
FNDA:1,(anonymous_2)
FNDA:8,(anonymous_3)
FNDA:8,(anonymous_4)
DA:3,1
DA:4,1
DA:5,1
DA:6,1
DA:7,1
DA:8,1
DA:10,1
DA:12,1
DA:19,1
DA:20,8
DA:21,8
DA:22,8
DA:23,8
DA:24,8
DA:29,1
DA:31,1
DA:32,1
DA:33,1
DA:34,1
DA:36,1
DA:41,1
DA:43,8
DA:44,8
DA:45,8
DA:46,8
DA:47,8
DA:48,8
DA:49,8
DA:51,0
DA:52,0
DA:53,0
DA:54,0
DA:58,8
DA:62,1
DA:63,8
DA:64,8
DA:65,8
DA:66,8
DA:68,0
DA:69,0
DA:74,1
LF:41
LH:35
BRDA:22,1,0,0
BRDA:22,1,1,8
BRDA:33,2,0,0
BRDA:33,2,1,1
BRDA:34,3,0,0
BRDA:34,3,1,1
BRDA:51,4,0,0
BRDA:51,4,1,0
BRDA:52,5,0,0
BRDA:52,5,1,0
BRF:10
BRH:3
end_of_record
TN:
SF:/home/patrick/codefellows/401/Labs/lab-19/models/gallery.js
FNF:0
FNH:0
DA:3,1
DA:4,1
DA:6,1
DA:13,1
LF:4
LH:4
BRF:0
BRH:0
end_of_record
TN:
SF:/home/patrick/codefellows/401/Labs/lab-19/server.js
FNF:0
FNH:0
DA:3,1
DA:5,1
DA:6,1
DA:7,1
DA:8,1
DA:9,1
DA:10,1
DA:12,1
DA:13,1
DA:14,1
DA:15,1
DA:16,1
DA:18,1
DA:19,1
DA:21,1
DA:22,1
DA:24,1
DA:25,1
DA:26,1
DA:28,1
DA:29,1
DA:30,1
DA:32,1
LF:23
LH:23
BRDA:18,1,0,1
BRDA:18,1,1,0
BRDA:19,2,0,1
BRDA:19,2,1,0
BRF:4
BRH:2
end_of_record
TN:
SF:/home/patrick/codefellows/401/Labs/lab-19/lib/error-middleware.js
FN:6,(anonymous_1)
FNF:1
FNH:0
FNDA:0,(anonymous_1)
DA:3,1
DA:4,1
DA:6,1
DA:7,0
DA:9,0
DA:10,0
DA:12,0
DA:13,0
DA:14,0
DA:15,0
DA:18,0
DA:19,0
DA:20,0
DA:21,0
DA:22,0
DA:25,0
DA:26,0
DA:27,0
LF:18
LH:3
BRDA:12,1,0,0
BRDA:12,1,1,0
BRDA:18,2,0,0
BRDA:18,2,1,0
BRF:4
BRH:0
end_of_record
TN:
SF:/home/patrick/codefellows/401/Labs/lab-19/routes/user-routes.js
FN:7,(anonymous_1)
FNF:1
FNH:1
FNDA:1,(anonymous_1)
DA:4,1
DA:5,1
DA:7,1
DA:8,1
DA:9,1
DA:10,1
DA:11,0
DA:15,1
DA:16,1
DA:17,1
DA:18,0
DA:20,1
LF:12
LH:10
BRF:0
BRH:0
end_of_record
TN:
SF:/home/patrick/codefellows/401/Labs/lab-19/lib/basic-auth-middleware.js
FN:6,(anonymous_1)
FNF:1
FNH:1
FNDA:2,(anonymous_1)
DA:3,1
DA:4,1
DA:6,1
DA:7,2
DA:9,2
DA:10,2
DA:12,2
DA:13,2
DA:15,2
DA:16,2
DA:18,2
DA:19,2
DA:21,1
LF:13
LH:13
BRDA:10,1,0,0
BRDA:10,1,1,2
BRDA:13,2,0,0
BRDA:13,2,1,2
BRDA:18,3,0,0
BRDA:18,3,1,2
BRDA:19,4,0,1
BRDA:19,4,1,1
BRF:8
BRH:5
end_of_record
TN:
SF:/home/patrick/codefellows/401/Labs/lab-19/controller/user-controller.js
FN:8,(anonymous_1)
FN:24,(anonymous_2)
FNF:2
FNH:2
FNDA:1,(anonymous_1)
FNDA:1,(anonymous_2)
DA:4,1
DA:6,1
DA:8,1
DA:10,1
DA:11,1
DA:12,1
DA:13,1
DA:15,1
DA:17,1
DA:18,1
DA:20,1
DA:24,1
DA:26,1
DA:27,1
DA:28,1
DA:29,1
DA:30,0
LF:17
LH:16
BRF:0
BRH:0
end_of_record
TN:
SF:/home/patrick/codefellows/401/Labs/lab-19/routes/gallery-routes.js
FN:7,(anonymous_1)
FNF:1
FNH:1
FNDA:1,(anonymous_1)
DA:3,1
DA:4,1
DA:5,1
DA:7,1
DA:8,1
DA:10,1
DA:11,1
DA:12,0
DA:15,1
DA:16,1
DA:18,1
DA:19,0
DA:21,1
DA:23,0
DA:26,1
DA:27,1
DA:28,1
DA:29,0
DA:32,1
DA:33,1
DA:37,1
LF:21
LH:17
BRDA:18,1,0,0
BRDA:18,1,1,1
BRF:2
BRH:1
end_of_record
TN:
SF:/home/patrick/codefellows/401/Labs/lab-19/lib/bearer-auth-middleware.js
FN:9,(anonymous_1)
FNF:1
FNH:1
FNDA:10,(anonymous_1)
DA:3,1
DA:4,1
DA:5,1
DA:7,1
DA:9,1
DA:10,10
DA:12,10
DA:13,10
DA:15,5
DA:16,5
DA:18,5
DA:19,5
DA:21,5
DA:23,5
DA:24,5
DA:26,0
LF:16
LH:15
BRDA:13,1,0,5
BRDA:13,1,1,5
BRDA:16,2,0,0
BRDA:16,2,1,5
BRDA:19,3,0,0
BRDA:19,3,1,5
BRF:6
BRH:4
end_of_record
TN:
SF:/home/patrick/codefellows/401/Labs/lab-19/controller/gallery-controller.js
FN:7,(anonymous_1)
FN:15,(anonymous_2)
FN:21,(anonymous_3)
FN:27,(anonymous_4)
FNF:4
FNH:4
FNDA:1,(anonymous_1)
FNDA:1,(anonymous_2)
FNDA:1,(anonymous_3)
FNDA:1,(anonymous_4)
DA:3,1
DA:5,1
DA:7,1
DA:8,1
DA:9,1
DA:10,1
DA:11,0
DA:15,1
DA:16,1
DA:17,1
DA:18,0
DA:21,1
DA:22,1
DA:23,1
DA:24,0
DA:27,1
DA:28,1
DA:29,1
DA:30,0
LF:19
LH:15
BRF:0
BRH:0
end_of_record
TN:
SF:/home/patrick/codefellows/401/Labs/lab-19/routes/pic-routes.js
FN:12,(anonymous_1)
FNF:1
FNH:1
FNDA:1,(anonymous_1)
DA:3,1
DA:4,1
DA:5,1
DA:8,1
DA:9,1
DA:12,1
DA:14,1
DA:15,1
DA:16,1
DA:17,0
DA:20,1
DA:21,0
DA:22,0
DA:23,0
DA:25,1
LF:15
LH:11
BRF:0
BRH:0
end_of_record
TN:
SF:/home/patrick/codefellows/401/Labs/lab-19/controller/pic-controller.js
FN:15,s3UploadProm
FN:24,s3DeleteProm
FN:32,(anonymous_3)
FN:62,(anonymous_4)
FNF:4
FNH:2
FNDA:1,s3UploadProm
FNDA:0,s3DeleteProm
FNDA:1,(anonymous_3)
FNDA:0,(anonymous_4)
DA:2,1
DA:3,1
DA:4,1
DA:5,1
DA:6,1
DA:7,1
DA:9,1
DA:10,1
DA:12,1
DA:13,1
DA:15,1
DA:16,1
DA:17,1
DA:18,1
DA:19,1
DA:24,1
DA:25,0
DA:26,0
DA:27,0
DA:28,0
DA:32,1
DA:33,1
DA:34,1
DA:36,1
DA:37,1
DA:44,1
DA:45,1
DA:47,1
DA:48,1
DA:56,1
DA:58,1
DA:59,0
DA:62,1
DA:63,0
DA:65,0
DA:69,0
DA:71,0
DA:72,0
DA:73,0
LF:39
LH:28
BRDA:17,1,0,0
BRDA:17,1,1,1
BRDA:27,2,0,0
BRDA:27,2,1,0
BRDA:33,3,0,0
BRDA:33,3,1,1
BRDA:34,4,0,0
BRDA:34,4,1,1
BRF:8
BRH:3
end_of_record
TN:
SF:/home/patrick/codefellows/401/Labs/lab-19/models/pic.js
FNF:0
FNH:0
DA:3,1
DA:4,1
DA:6,1
DA:16,1
LF:4
LH:4
BRF:0
BRH:0
end_of_record
